mode: set
github.com/bythepowerof/logr/stdlogr/logger.go:16.26,18.2 1 1
github.com/bythepowerof/logr/stdlogr/logger.go:20.38,22.2 1 1
github.com/bythepowerof/logr/stdlogr/logger.go:28.36,29.17 1 1
github.com/bythepowerof/logr/stdlogr/logger.go:33.2,33.18 1 1
github.com/bythepowerof/logr/stdlogr/logger.go:29.17,31.3 1 0
github.com/bythepowerof/logr/stdlogr/logger.go:45.62,46.19 1 1
github.com/bythepowerof/logr/stdlogr/logger.go:50.2,50.55 1 1
github.com/bythepowerof/logr/stdlogr/logger.go:46.19,48.3 1 1
github.com/bythepowerof/logr/stdlogr/logger.go:53.40,55.2 1 0
github.com/bythepowerof/logr/stdlogr/logger.go:57.71,63.29 4 1
github.com/bythepowerof/logr/stdlogr/logger.go:68.2,68.35 1 1
github.com/bythepowerof/logr/stdlogr/logger.go:73.2,73.12 1 1
github.com/bythepowerof/logr/stdlogr/logger.go:63.29,66.3 2 1
github.com/bythepowerof/logr/stdlogr/logger.go:68.35,71.3 2 1
github.com/bythepowerof/logr/stdlogr/logger.go:80.70,83.2 2 1
github.com/bythepowerof/logr/stdlogr/logger.go:85.50,86.24 1 1
github.com/bythepowerof/logr/stdlogr/logger.go:92.2,92.37 1 1
github.com/bythepowerof/logr/stdlogr/logger.go:86.24,87.72 1 1
github.com/bythepowerof/logr/stdlogr/logger.go:87.72,89.4 1 1
github.com/bythepowerof/logr/stdlogr/logger.go:95.64,98.29 2 1
github.com/bythepowerof/logr/stdlogr/logger.go:102.2,102.35 1 1
github.com/bythepowerof/logr/stdlogr/logger.go:106.2,112.3 1 1
github.com/bythepowerof/logr/stdlogr/logger.go:98.29,100.3 1 0
github.com/bythepowerof/logr/stdlogr/logger.go:102.35,104.3 1 1
github.com/bythepowerof/logr/stdlogr/logger.go:115.55,125.2 2 1
github.com/bythepowerof/logr/stdlogr/logger.go:127.35,135.2 1 1
github.com/bythepowerof/logr/logrusr/logger.go:16.26,18.2 1 1
github.com/bythepowerof/logr/logrusr/logger.go:20.38,22.2 1 1
github.com/bythepowerof/logr/logrusr/logger.go:28.36,29.17 1 0
github.com/bythepowerof/logr/logrusr/logger.go:33.2,33.18 1 0
github.com/bythepowerof/logr/logrusr/logger.go:29.17,31.3 1 0
github.com/bythepowerof/logr/logrusr/logger.go:46.65,47.19 1 1
github.com/bythepowerof/logr/logrusr/logger.go:51.2,59.19 2 1
github.com/bythepowerof/logr/logrusr/logger.go:47.19,49.3 1 1
github.com/bythepowerof/logr/logrusr/logger.go:59.19,61.3 1 1
github.com/bythepowerof/logr/logrusr/logger.go:65.43,67.2 1 0
github.com/bythepowerof/logr/logrusr/logger.go:73.73,84.19 2 1
github.com/bythepowerof/logr/logrusr/logger.go:84.19,86.3 1 1
github.com/bythepowerof/logr/logrusr/logger.go:90.53,91.24 1 1
github.com/bythepowerof/logr/logrusr/logger.go:97.2,97.40 1 1
github.com/bythepowerof/logr/logrusr/logger.go:91.24,92.72 1 1
github.com/bythepowerof/logr/logrusr/logger.go:92.72,94.4 1 1
github.com/bythepowerof/logr/logrusr/logger.go:100.67,103.29 2 1
github.com/bythepowerof/logr/logrusr/logger.go:107.2,107.35 1 1
github.com/bythepowerof/logr/logrusr/logger.go:111.2,118.3 1 1
github.com/bythepowerof/logr/logrusr/logger.go:103.29,105.3 1 0
github.com/bythepowerof/logr/logrusr/logger.go:107.35,109.3 1 1
github.com/bythepowerof/logr/logrusr/logger.go:121.58,132.2 2 1
github.com/bythepowerof/logr/logrusr/logger.go:134.57,143.2 1 1
